2016-10-12 21:11:56,884 - thu-stadium-logger - DEBUG - thu-stadium-reservation ticking!
2016-10-12 21:11:56,884 - thu-stadium-logger - DEBUG - thu-stadium-reservation ticking!
2016-10-12 21:11:56,885 - thu-stadium-logger - DEBUG - attempt to log in tsinghua info platform...
2016-10-12 21:11:56,885 - thu-stadium-logger - DEBUG - attempt to log in tsinghua info platform...
2016-10-12 21:11:56,956 - thu-stadium-logger - DEBUG - log in successfully, now redirect to 50.tsinghua...
2016-10-12 21:11:56,956 - thu-stadium-logger - DEBUG - log in successfully, now redirect to 50.tsinghua...
2016-10-12 21:11:57,872 - thu-stadium-logger - DEBUG - now start to get reservation records...
2016-10-12 21:11:57,872 - thu-stadium-logger - DEBUG - now start to get reservation records...
2016-10-12 21:11:58,075 - thu-stadium-logger - DEBUG - fetch reservation records successfully!
2016-10-12 21:11:58,075 - thu-stadium-logger - DEBUG - fetch reservation records successfully!
2016-10-12 21:11:58,081 - thu-stadium-logger - DEBUG - start to fetch site status...
2016-10-12 21:11:58,081 - thu-stadium-logger - DEBUG - start to fetch site status...
2016-10-12 21:11:58,138 - thu-stadium-logger - DEBUG - next ticking after 1800 seconds...
2016-10-12 21:11:58,138 - thu-stadium-logger - DEBUG - next ticking after 1800 seconds...
2016-10-12 21:11:58,141 - thu-stadium-logger - DEBUG - ticking down...
2016-10-12 21:11:58,141 - thu-stadium-logger - DEBUG - ticking down...
2016-10-12 21:14:25,181 - thu-stadium-logger - DEBUG - thu-stadium-reservation ticking!
2016-10-12 21:14:25,181 - thu-stadium-logger - DEBUG - thu-stadium-reservation ticking!
2016-10-12 21:14:34,157 - thu-stadium-logger - DEBUG - attempt to log in tsinghua info platform...
2016-10-12 21:14:34,157 - thu-stadium-logger - DEBUG - attempt to log in tsinghua info platform...
2016-10-12 21:14:47,841 - thu-stadium-logger - DEBUG - log in successfully, now redirect to 50.tsinghua...
2016-10-12 21:14:47,841 - thu-stadium-logger - DEBUG - log in successfully, now redirect to 50.tsinghua...
2016-10-12 21:15:39,118 - thu-stadium-logger - DEBUG - test title with no content
2016-10-12 21:15:39,119 - thu-stadium-logger - DEBUG - test title with contents
2016-10-12 21:15:39,119 - thu-stadium-logger - DEBUG - content1: detail1
2016-10-12 21:15:39,119 - thu-stadium-logger - DEBUG - content2: detail2
2016-10-12 21:15:39,119 - thu-stadium-logger - DEBUG - content3: detail3
2016-10-12 21:15:39,119 - thu-stadium-logger - DEBUG - test title when debug off
2016-10-12 21:16:27,296 - thu-stadium-logger - DEBUG - test title with no content
2016-10-12 21:16:27,296 - thu-stadium-logger - DEBUG - test title with contents
2016-10-12 21:16:27,296 - thu-stadium-logger - DEBUG - content1: detail1
2016-10-12 21:16:27,296 - thu-stadium-logger - DEBUG - content2: detail2
2016-10-12 21:16:27,296 - thu-stadium-logger - DEBUG - content3: detail3
2016-10-12 21:16:27,296 - thu-stadium-logger - DEBUG - test title when debug off
2016-10-12 21:16:39,937 - thu-stadium-logger - DEBUG - thu-stadium-reservation ticking!
2016-10-12 21:16:39,937 - thu-stadium-logger - DEBUG - thu-stadium-reservation ticking!
2016-10-12 21:16:39,937 - thu-stadium-logger - DEBUG - attempt to log in tsinghua info platform...
2016-10-12 21:16:39,937 - thu-stadium-logger - DEBUG - attempt to log in tsinghua info platform...
2016-10-12 21:16:40,002 - thu-stadium-logger - DEBUG - log in successfully, now redirect to 50.tsinghua...
2016-10-12 21:16:40,002 - thu-stadium-logger - DEBUG - log in successfully, now redirect to 50.tsinghua...
2016-10-12 21:16:41,759 - thu-stadium-logger - DEBUG - now start to get reservation records...
2016-10-12 21:16:41,759 - thu-stadium-logger - DEBUG - now start to get reservation records...
2016-10-12 21:16:41,956 - thu-stadium-logger - DEBUG - fetch reservation records successfully!
2016-10-12 21:16:41,956 - thu-stadium-logger - DEBUG - fetch reservation records successfully!
2016-10-12 21:16:41,960 - thu-stadium-logger - DEBUG - start to fetch site status...
2016-10-12 21:16:41,960 - thu-stadium-logger - DEBUG - start to fetch site status...
2016-10-12 21:16:42,017 - thu-stadium-logger - DEBUG - next ticking after 1800 seconds...
2016-10-12 21:16:42,017 - thu-stadium-logger - DEBUG - next ticking after 1800 seconds...
2016-10-12 21:16:42,019 - thu-stadium-logger - DEBUG - ticking down...
2016-10-12 21:16:42,019 - thu-stadium-logger - DEBUG - ticking down...
2016-10-12 21:18:13,171 - thu-stadium-logger - DEBUG - test title with no content
2016-10-12 21:18:13,171 - thu-stadium-logger - DEBUG - test title with contents
2016-10-12 21:18:13,171 - thu-stadium-logger - DEBUG - content1: detail1
2016-10-12 21:18:13,171 - thu-stadium-logger - DEBUG - content2: detail2
2016-10-12 21:18:13,171 - thu-stadium-logger - DEBUG - content3: detail3
2016-10-12 21:18:13,171 - thu-stadium-logger - DEBUG - test title when debug off
